<?xml version="1.0" encoding="UTF-8"?>
<testng-results skipped="4" failed="0" total="4" passed="0">
  <reporter-output>
  </reporter-output>
  <suite name="Default suite" duration-ms="51671" started-at="2018-08-03T06:36:04Z" finished-at="2018-08-03T06:36:56Z">
    <groups>
    </groups>
    <test name="Default test" duration-ms="51671" started-at="2018-08-03T06:36:04Z" finished-at="2018-08-03T06:36:56Z">
      <class name="PraticeTest">
        <test-method status="PASS" signature="configBC()[pri:0, instance:PraticeTest@d25987]" name="configBC" is-config="true" duration-ms="44489" started-at="2018-08-02T23:36:04Z" finished-at="2018-08-02T23:36:49Z">
          <reporter-output>
          </reporter-output>
        </test-method> <!-- configBC -->
        <test-method status="FAIL" signature="configBM()[pri:0, instance:PraticeTest@d25987]" name="configBM" is-config="true" duration-ms="0" started-at="2018-08-02T23:36:49Z" finished-at="2018-08-02T23:36:49Z">
          <exception class="java.io.IOException">
            <message>
              <![CDATA[The filename, directory name, or volume label syntax is incorrect]]>
            </message>
            <full-stacktrace>
              <![CDATA[java.io.IOException: The filename, directory name, or volume label syntax is incorrect
	at java.io.WinNTFileSystem.canonicalize0(Native Method)
	at java.io.WinNTFileSystem.canonicalize(Unknown Source)
	at java.io.File.getCanonicalPath(Unknown Source)
	at org.apache.commons.io.FileUtils.copyFile(FileUtils.java:1079)
	at org.apache.commons.io.FileUtils.copyFile(FileUtils.java:1038)
	at BaseClassNew.configBM(BaseClassNew.java:42)
	at sun.reflect.NativeMethodAccessorImpl.invoke0(Native Method)
	at sun.reflect.NativeMethodAccessorImpl.invoke(Unknown Source)
	at sun.reflect.DelegatingMethodAccessorImpl.invoke(Unknown Source)
	at java.lang.reflect.Method.invoke(Unknown Source)
	at org.testng.internal.MethodInvocationHelper.invokeMethod(MethodInvocationHelper.java:85)
	at org.testng.internal.Invoker.invokeConfigurationMethod(Invoker.java:510)
	at org.testng.internal.Invoker.invokeConfigurations(Invoker.java:211)
	at org.testng.internal.Invoker.invokeMethod(Invoker.java:585)
	at org.testng.internal.Invoker.invokeTestMethod(Invoker.java:816)
	at org.testng.internal.Invoker.invokeTestMethods(Invoker.java:1124)
	at org.testng.internal.TestMethodWorker.invokeTestMethods(TestMethodWorker.java:125)
	at org.testng.internal.TestMethodWorker.run(TestMethodWorker.java:108)
	at org.testng.TestRunner.privateRun(TestRunner.java:774)
	at org.testng.TestRunner.run(TestRunner.java:624)
	at org.testng.SuiteRunner.runTest(SuiteRunner.java:359)
	at org.testng.SuiteRunner.runSequentially(SuiteRunner.java:354)
	at org.testng.SuiteRunner.privateRun(SuiteRunner.java:312)
	at org.testng.SuiteRunner.run(SuiteRunner.java:261)
	at org.testng.SuiteRunnerWorker.runSuite(SuiteRunnerWorker.java:52)
	at org.testng.SuiteRunnerWorker.run(SuiteRunnerWorker.java:86)
	at org.testng.TestNG.runSuitesSequentially(TestNG.java:1215)
	at org.testng.TestNG.runSuitesLocally(TestNG.java:1140)
	at org.testng.TestNG.run(TestNG.java:1048)
	at org.testng.remote.AbstractRemoteTestNG.run(AbstractRemoteTestNG.java:114)
	at org.testng.remote.RemoteTestNG.initAndRun(RemoteTestNG.java:251)
	at org.testng.remote.RemoteTestNG.main(RemoteTestNG.java:77)
]]>
            </full-stacktrace>
          </exception> <!-- java.io.IOException -->
          <reporter-output>
          </reporter-output>
        </test-method> <!-- configBM -->
        <test-method status="SKIP" signature="customerDeleteTest()[pri:0, instance:PraticeTest@d25987]" name="customerDeleteTest" duration-ms="5" started-at="2018-08-02T23:36:56Z" finished-at="2018-08-02T23:36:56Z">
          <reporter-output>
          </reporter-output>
        </test-method> <!-- customerDeleteTest -->
        <test-method status="SKIP" signature="configAM()[pri:0, instance:PraticeTest@d25987]" name="configAM" is-config="true" duration-ms="0" started-at="2018-08-02T23:36:56Z" finished-at="2018-08-02T23:36:56Z">
          <reporter-output>
          </reporter-output>
        </test-method> <!-- configAM -->
        <test-method status="SKIP" signature="configBM()[pri:0, instance:PraticeTest@d25987]" name="configBM" is-config="true" duration-ms="0" started-at="2018-08-02T23:36:56Z" finished-at="2018-08-02T23:36:56Z">
          <reporter-output>
          </reporter-output>
        </test-method> <!-- configBM -->
        <test-method status="SKIP" signature="customerEditTest()[pri:0, instance:PraticeTest@d25987]" name="customerEditTest" duration-ms="3" started-at="2018-08-02T23:36:56Z" finished-at="2018-08-02T23:36:56Z">
          <reporter-output>
          </reporter-output>
        </test-method> <!-- customerEditTest -->
        <test-method status="SKIP" signature="configAM()[pri:0, instance:PraticeTest@d25987]" name="configAM" is-config="true" duration-ms="0" started-at="2018-08-02T23:36:56Z" finished-at="2018-08-02T23:36:56Z">
          <reporter-output>
          </reporter-output>
        </test-method> <!-- configAM -->
        <test-method status="SKIP" signature="configBM()[pri:0, instance:PraticeTest@d25987]" name="configBM" is-config="true" duration-ms="0" started-at="2018-08-02T23:36:56Z" finished-at="2018-08-02T23:36:56Z">
          <reporter-output>
          </reporter-output>
        </test-method> <!-- configBM -->
        <test-method status="SKIP" signature="customerLoginTest()[pri:0, instance:PraticeTest@d25987]" name="customerLoginTest" duration-ms="18" started-at="2018-08-02T23:36:56Z" finished-at="2018-08-02T23:36:56Z">
          <reporter-output>
          </reporter-output>
        </test-method> <!-- customerLoginTest -->
        <test-method status="SKIP" signature="configAM()[pri:0, instance:PraticeTest@d25987]" name="configAM" is-config="true" duration-ms="0" started-at="2018-08-02T23:36:56Z" finished-at="2018-08-02T23:36:56Z">
          <reporter-output>
          </reporter-output>
        </test-method> <!-- configAM -->
        <test-method status="SKIP" signature="configBM()[pri:0, instance:PraticeTest@d25987]" name="configBM" is-config="true" duration-ms="0" started-at="2018-08-02T23:36:56Z" finished-at="2018-08-02T23:36:56Z">
          <reporter-output>
          </reporter-output>
        </test-method> <!-- configBM -->
        <test-method status="SKIP" signature="customerModifyTest()[pri:0, instance:PraticeTest@d25987]" name="customerModifyTest" duration-ms="15" started-at="2018-08-02T23:36:56Z" finished-at="2018-08-02T23:36:56Z">
          <reporter-output>
          </reporter-output>
        </test-method> <!-- customerModifyTest -->
        <test-method status="SKIP" signature="configAM()[pri:0, instance:PraticeTest@d25987]" name="configAM" is-config="true" duration-ms="0" started-at="2018-08-02T23:36:56Z" finished-at="2018-08-02T23:36:56Z">
          <reporter-output>
          </reporter-output>
        </test-method> <!-- configAM -->
        <test-method status="SKIP" signature="configAC()[pri:0, instance:PraticeTest@d25987]" name="configAC" is-config="true" duration-ms="0" started-at="2018-08-02T23:36:56Z" finished-at="2018-08-02T23:36:56Z">
          <reporter-output>
          </reporter-output>
        </test-method> <!-- configAC -->
      </class> <!-- PraticeTest -->
    </test> <!-- Default test -->
  </suite> <!-- Default suite -->
</testng-results>
